  stdafx.cpp
c:\program files (x86)\microsoft visual studio\2017\community\vc\tools\msvc\14.14.26428\include\gl\glut.h(486): warning C4505: "glutInit_ATEXIT_HACK": funkcja lokalna, do której nie istniały odwołania, została usunięta
c:\program files (x86)\microsoft visual studio\2017\community\vc\tools\msvc\14.14.26428\include\gl\glut.h(503): warning C4505: "glutCreateWindow_ATEXIT_HACK": funkcja lokalna, do której nie istniały odwołania, została usunięta
c:\program files (x86)\microsoft visual studio\2017\community\vc\tools\msvc\14.14.26428\include\gl\glut.h(549): warning C4505: "glutCreateMenu_ATEXIT_HACK": funkcja lokalna, do której nie istniały odwołania, została usunięta
  Engine.cpp
d:\c++\engine\engine\graphics classes\threemaxloader.h(59): warning C4996: 'fopen': This function or variable may be unsafe. Consider using fopen_s instead. To disable deprecation, use _CRT_SECURE_NO_WARNINGS. See online help for details.
  c:\program files (x86)\windows kits\10\include\10.0.17134.0\ucrt\stdio.h(208): note: zobacz deklarację „fopen”
d:\c++\engine\engine\graphics classes\threemaxloader.h(61): warning C4996: 'filelength': The POSIX name for this item is deprecated. Instead, use the ISO C and C++ conformant name: _filelength. See online help for details.
  c:\program files (x86)\windows kits\10\include\10.0.17134.0\ucrt\corecrt_io.h(486): note: zobacz deklarację „filelength”
d:\c++\engine\engine\engine.cpp(27): warning C4838: konwersja z „double” do „GLfloat” wymaga konwersji zawężającej
d:\c++\engine\engine\engine.cpp(152): warning C4239: użyto niestandardowego rozszerzenia: „argument”: konwersja z „physx::PxVec3” do „physx::PxVec3 &”
  d:\c++\engine\engine\engine.cpp(152): note: Odwołanie niestałe może zostać powiązane tylko z wartościowaniem lewostronnym
d:\c++\engine\engine\engine.cpp(153): warning C4239: użyto niestandardowego rozszerzenia: „argument”: konwersja z „physx::PxVec3” do „physx::PxVec3 &”
  d:\c++\engine\engine\engine.cpp(153): note: Odwołanie niestałe może zostać powiązane tylko z wartościowaniem lewostronnym
d:\c++\engine\engine\engine.cpp(156): warning C4239: użyto niestandardowego rozszerzenia: „argument”: konwersja z „physx::PxVec3” do „physx::PxVec3 &”
  d:\c++\engine\engine\engine.cpp(156): note: Odwołanie niestałe może zostać powiązane tylko z wartościowaniem lewostronnym
d:\c++\engine\engine\engine.cpp(167): warning C4239: użyto niestandardowego rozszerzenia: „argument”: konwersja z „physx::PxVec3” do „physx::PxVec3 &”
  d:\c++\engine\engine\engine.cpp(167): note: Odwołanie niestałe może zostać powiązane tylko z wartościowaniem lewostronnym
  Targa.cpp
d:\c++\engine\engine\graphics classes\targa.cpp(124): fatal error C1010: Nieoczekiwany koniec pliku podczas wyszukiwania prekompilowanego pliku nagłówkowego. Czy zapomniano dodać „#include "stdafx.h"” do źródła?
  Interactable_Obj.cpp
  PickUp_Obj.cpp
  Camera.cpp
d:\c++\engine\engine\player\camera.cpp(32): warning C4100: "v": parametr formalny, do którego nie istnieje odwołanie
  Player.cpp
d:\c++\engine\engine\player\player.cpp(206): warning C4458: deklaracja „state” powoduje ukrycie składowej klasy
  d:\c++\engine\engine\player\player.h(40): note: zobacz deklarację „Player::state”
  Vec3.cpp
