d:\c++\engine\engine\debug\vc141.pdb
d:\c++\engine\engine\debug\vc141.idb
d:\c++\engine\engine\debug\vec3.obj
d:\c++\engine\engine\debug\player.obj
d:\c++\engine\engine\debug\engine.obj
d:\c++\engine\engine\debug\camera.obj
d:\c++\engine\engine\debug\pickup_obj.obj
d:\c++\engine\engine\debug\interactable_obj.obj
d:\c++\engine\engine\debug\engine.pch
d:\c++\engine\engine\debug\stdafx.obj
d:\c++\engine\debug\engine.pdb
d:\c++\engine\engine\debug\engine.tlog\cl.command.1.tlog
d:\c++\engine\engine\debug\engine.tlog\cl.read.1.tlog
d:\c++\engine\engine\debug\engine.tlog\cl.write.1.tlog
d:\c++\engine\engine\debug\engine.tlog\link-cvtres.read.1.tlog
d:\c++\engine\engine\debug\engine.tlog\link-cvtres.write.1.tlog
d:\c++\engine\engine\debug\engine.tlog\link-rc.read.1.tlog
d:\c++\engine\engine\debug\engine.tlog\link-rc.write.1.tlog
d:\c++\engine\engine\debug\engine.tlog\link.7624-cvtres.read.1.tlog
d:\c++\engine\engine\debug\engine.tlog\link.7624-cvtres.write.1.tlog
d:\c++\engine\engine\debug\engine.tlog\link.7624-rc.read.1.tlog
d:\c++\engine\engine\debug\engine.tlog\link.7624-rc.write.1.tlog
d:\c++\engine\engine\debug\engine.tlog\link.7624.read.1.tlog
d:\c++\engine\engine\debug\engine.tlog\link.7624.write.1.tlog
d:\c++\engine\engine\debug\engine.tlog\link.command.1.tlog
d:\c++\engine\engine\debug\engine.tlog\link.read.1.tlog
d:\c++\engine\engine\debug\engine.tlog\link.write.1.tlog
