  Engine.cpp
d:\c++\engine\engine\graphics classes\threemaxloader.h(59): warning C4996: 'fopen': This function or variable may be unsafe. Consider using fopen_s instead. To disable deprecation, use _CRT_SECURE_NO_WARNINGS. See online help for details.
  c:\program files (x86)\windows kits\10\include\10.0.17134.0\ucrt\stdio.h(208): note: zobacz deklarację „fopen”
d:\c++\engine\engine\graphics classes\threemaxloader.h(61): warning C4996: 'filelength': The POSIX name for this item is deprecated. Instead, use the ISO C and C++ conformant name: _filelength. See online help for details.
  c:\program files (x86)\windows kits\10\include\10.0.17134.0\ucrt\corecrt_io.h(486): note: zobacz deklarację „filelength”
d:\c++\engine\engine\game.h(75): warning C4100: "count": parametr formalny, do którego nie istnieje odwołanie
d:\c++\engine\engine\game.h(75): warning C4100: "pairs": parametr formalny, do którego nie istnieje odwołanie
d:\c++\engine\engine\game.h(79): warning C4100: "count": parametr formalny, do którego nie istnieje odwołanie
d:\c++\engine\engine\game.h(79): warning C4100: "poseBuffer": parametr formalny, do którego nie istnieje odwołanie
d:\c++\engine\engine\game.h(79): warning C4100: "bodyBuffer": parametr formalny, do którego nie istnieje odwołanie
d:\c++\engine\engine\engine.cpp(11): warning C4838: konwersja z „double” do „GLfloat” wymaga konwersji zawężającej
  Credits.cpp
d:\c++\engine\engine\graphics classes\menus\credits.cpp(5): warning C4100: "_h": parametr formalny, do którego nie istnieje odwołanie
d:\c++\engine\engine\graphics classes\menus\credits.cpp(5): warning C4100: "_w": parametr formalny, do którego nie istnieje odwołanie
d:\c++\engine\engine\graphics classes\menus\credits.cpp(14): warning C4100: "_h": parametr formalny, do którego nie istnieje odwołanie
d:\c++\engine\engine\graphics classes\menus\credits.cpp(14): warning C4100: "_w": parametr formalny, do którego nie istnieje odwołanie
  Highscore.cpp
d:\c++\engine\engine\graphics classes\menus\highscore.cpp(5): warning C4100: "_h": parametr formalny, do którego nie istnieje odwołanie
d:\c++\engine\engine\graphics classes\menus\highscore.cpp(5): warning C4100: "_w": parametr formalny, do którego nie istnieje odwołanie
d:\c++\engine\engine\graphics classes\menus\highscore.cpp(15): warning C4100: "_h": parametr formalny, do którego nie istnieje odwołanie
d:\c++\engine\engine\graphics classes\menus\highscore.cpp(15): warning C4100: "_w": parametr formalny, do którego nie istnieje odwołanie
  HowTo.cpp
d:\c++\engine\engine\graphics classes\menus\howto.cpp(5): warning C4100: "_h": parametr formalny, do którego nie istnieje odwołanie
d:\c++\engine\engine\graphics classes\menus\howto.cpp(5): warning C4100: "_w": parametr formalny, do którego nie istnieje odwołanie
d:\c++\engine\engine\graphics classes\menus\howto.cpp(14): warning C4100: "_h": parametr formalny, do którego nie istnieje odwołanie
d:\c++\engine\engine\graphics classes\menus\howto.cpp(14): warning C4100: "_w": parametr formalny, do którego nie istnieje odwołanie
  Ingame.cpp
d:\c++\engine\engine\graphics classes\menus\ingame.cpp(5): warning C4100: "_h": parametr formalny, do którego nie istnieje odwołanie
d:\c++\engine\engine\graphics classes\menus\ingame.cpp(5): warning C4100: "_w": parametr formalny, do którego nie istnieje odwołanie
d:\c++\engine\engine\graphics classes\menus\ingame.cpp(15): warning C4100: "_h": parametr formalny, do którego nie istnieje odwołanie
d:\c++\engine\engine\graphics classes\menus\ingame.cpp(15): warning C4100: "_w": parametr formalny, do którego nie istnieje odwołanie
d:\c++\engine\engine\graphics classes\menus\ingame.cpp(27): warning C4100: "_h": parametr formalny, do którego nie istnieje odwołanie
d:\c++\engine\engine\graphics classes\menus\ingame.cpp(27): warning C4100: "_w": parametr formalny, do którego nie istnieje odwołanie
  Menu.cpp
d:\c++\engine\engine\graphics classes\menus\menu.cpp(37): warning C4018: "<": niezgodność typu ze znakiem/bez znaku
  Options.cpp
d:\c++\engine\engine\graphics classes\menus\options.cpp(5): warning C4100: "_name": parametr formalny, do którego nie istnieje odwołanie
d:\c++\engine\engine\graphics classes\menus\options.cpp(27): warning C4018: "<": niezgodność typu ze znakiem/bez znaku
  Panel.cpp
d:\c++\engine\engine\graphics classes\menus\panel.cpp(11): warning C4018: "<": niezgodność typu ze znakiem/bez znaku
d:\c++\engine\engine\graphics classes\menus\panel.cpp(17): warning C4100: "_h": parametr formalny, do którego nie istnieje odwołanie
d:\c++\engine\engine\graphics classes\menus\panel.cpp(17): warning C4100: "_w": parametr formalny, do którego nie istnieje odwołanie
  PauseMenu.cpp
d:\c++\engine\engine\graphics classes\menus\pausemenu.cpp(29): warning C4018: "<": niezgodność typu ze znakiem/bez znaku
  Generowanie kodu...
  Interface.cpp
d:\c++\engine\engine\graphics classes\threemaxloader.h(59): warning C4996: 'fopen': This function or variable may be unsafe. Consider using fopen_s instead. To disable deprecation, use _CRT_SECURE_NO_WARNINGS. See online help for details.
  c:\program files (x86)\windows kits\10\include\10.0.17134.0\ucrt\stdio.h(208): note: zobacz deklarację „fopen”
d:\c++\engine\engine\graphics classes\threemaxloader.h(61): warning C4996: 'filelength': The POSIX name for this item is deprecated. Instead, use the ISO C and C++ conformant name: _filelength. See online help for details.
  c:\program files (x86)\windows kits\10\include\10.0.17134.0\ucrt\corecrt_io.h(486): note: zobacz deklarację „filelength”
d:\c++\engine\engine\game.h(75): warning C4100: "count": parametr formalny, do którego nie istnieje odwołanie
d:\c++\engine\engine\game.h(75): warning C4100: "pairs": parametr formalny, do którego nie istnieje odwołanie
d:\c++\engine\engine\game.h(79): warning C4100: "count": parametr formalny, do którego nie istnieje odwołanie
d:\c++\engine\engine\game.h(79): warning C4100: "poseBuffer": parametr formalny, do którego nie istnieje odwołanie
d:\c++\engine\engine\game.h(79): warning C4100: "bodyBuffer": parametr formalny, do którego nie istnieje odwołanie
d:\c++\engine\engine\graphics classes\interface.cpp(169): warning C4018: "<": niezgodność typu ze znakiem/bez znaku
d:\c++\engine\engine\graphics classes\interface.cpp(177): warning C4018: "<": niezgodność typu ze znakiem/bez znaku
d:\c++\engine\engine\graphics classes\interface.cpp(195): warning C4018: "<": niezgodność typu ze znakiem/bez znaku
d:\c++\engine\engine\graphics classes\interface.cpp(211): warning C4018: "<": niezgodność typu ze znakiem/bez znaku
d:\c++\engine\engine\graphics classes\interface.cpp(231): warning C4018: "<": niezgodność typu ze znakiem/bez znaku
d:\c++\engine\engine\graphics classes\interface.cpp(246): warning C4018: "<": niezgodność typu ze znakiem/bez znaku
  Engine.vcxproj -> D:\C++\Engine\Debug\Engine.exe
